# JRE version: OpenJDK Runtime Environment (8.0_152-b01) (build 1.8.0_152-release-1248-b01)
# Java VM: OpenJDK 64-Bit Server VM (25.152-b01 mixed mode windows-amd64 compressed oops)
Heap:
 PSYoungGen      total 397824K, used 270883K [0x00000000e0000000, 0x00000000fe800000, 0x0000000100000000)
  eden space 360448K, 70% used [0x00000000e0000000,0x00000000ef8b7490,0x00000000f6000000)
  from space 37376K, 43% used [0x00000000fc380000,0x00000000fd351a80,0x00000000fe800000)
  to   space 31744K, 0% used [0x00000000f6000000,0x00000000f6000000,0x00000000f7f00000)
 ParOldGen       total 159232K, used 72677K [0x00000000a0000000, 0x00000000a9b80000, 0x00000000e0000000)
  object space 159232K, 45% used [0x00000000a0000000,0x00000000a46f9788,0x00000000a9b80000)
 Metaspace       used 99889K, capacity 103480K, committed 105088K, reserved 1140736K
  class space    used 12360K, capacity 13106K, committed 13440K, reserved 1048576K
GC Heap History (10 events):
Event: 14877.431 GC heap before
{Heap before GC invocations=26 (full 3):
 PSYoungGen      total 321024K, used 298310K [0x00000000e0000000, 0x00000000f5e80000, 0x0000000100000000)
  eden space 295424K, 100% used [0x00000000e0000000,0x00000000f2080000,0x00000000f2080000)
  from space 25600K, 11% used [0x00000000f4580000,0x00000000f48519d0,0x00000000f5e80000)
  to   space 31744K, 0% used [0x00000000f2080000,0x00000000f2080000,0x00000000f3f80000)
 ParOldGen       total 110592K, used 82733K [0x00000000a0000000, 0x00000000a6c00000, 0x00000000e0000000)
  object space 110592K, 74% used [0x00000000a0000000,0x00000000a50cb688,0x00000000a6c00000)
 Metaspace       used 91942K, capacity 96418K, committed 96512K, reserved 1132544K
  class space    used 11537K, capacity 12488K, committed 12544K, reserved 1048576K
Event: 14877.447 GC heap after
Heap after GC invocations=26 (full 3):
 PSYoungGen      total 327168K, used 18935K [0x00000000e0000000, 0x00000000f9e80000, 0x0000000100000000)
  eden space 295424K, 0% used [0x00000000e0000000,0x00000000e0000000,0x00000000f2080000)
  from space 31744K, 59% used [0x00000000f2080000,0x00000000f32fdf28,0x00000000f3f80000)
  to   space 32256K, 0% used [0x00000000f7f00000,0x00000000f7f00000,0x00000000f9e80000)
 ParOldGen       total 110592K, used 83712K [0x00000000a0000000, 0x00000000a6c00000, 0x00000000e0000000)
  object space 110592K, 75% used [0x00000000a0000000,0x00000000a51c01d0,0x00000000a6c00000)
 Metaspace       used 91942K, capacity 96418K, committed 96512K, reserved 1132544K
  class space    used 11537K, capacity 12488K, committed 12544K, reserved 1048576K
}
Event: 14877.673 GC heap before
{Heap before GC invocations=27 (full 3):
 PSYoungGen      total 327168K, used 52464K [0x00000000e0000000, 0x00000000f9e80000, 0x0000000100000000)
  eden space 295424K, 11% used [0x00000000e0000000,0x00000000e20be1c0,0x00000000f2080000)
  from space 31744K, 59% used [0x00000000f2080000,0x00000000f32fdf28,0x00000000f3f80000)
  to   space 32256K, 0% used [0x00000000f7f00000,0x00000000f7f00000,0x00000000f9e80000)
 ParOldGen       total 110592K, used 83712K [0x00000000a0000000, 0x00000000a6c00000, 0x00000000e0000000)
  object space 110592K, 75% used [0x00000000a0000000,0x00000000a51c01d0,0x00000000a6c00000)
 Metaspace       used 93780K, capacity 98512K, committed 98560K, reserved 1134592K
  class space    used 11769K, capacity 12765K, committed 12800K, reserved 1048576K
Event: 14877.683 GC heap after
Heap after GC invocations=27 (full 3):
 PSYoungGen      total 392704K, used 5207K [0x00000000e0000000, 0x00000000f9f00000, 0x0000000100000000)
  eden space 360448K, 0% used [0x00000000e0000000,0x00000000e0000000,0x00000000f6000000)
  from space 32256K, 16% used [0x00000000f7f00000,0x00000000f8415ce8,0x00000000f9e80000)
  to   space 31744K, 0% used [0x00000000f6000000,0x00000000f6000000,0x00000000f7f00000)
 ParOldGen       total 110592K, used 88992K [0x00000000a0000000, 0x00000000a6c00000, 0x00000000e0000000)
  object space 110592K, 80% used [0x00000000a0000000,0x00000000a56e8250,0x00000000a6c00000)
 Metaspace       used 93780K, capacity 98512K, committed 98560K, reserved 1134592K
  class space    used 11769K, capacity 12765K, committed 12800K, reserved 1048576K
}
Event: 14877.683 GC heap before
{Heap before GC invocations=28 (full 4):
 PSYoungGen      total 392704K, used 5207K [0x00000000e0000000, 0x00000000f9f00000, 0x0000000100000000)
  eden space 360448K, 0% used [0x00000000e0000000,0x00000000e0000000,0x00000000f6000000)
  from space 32256K, 16% used [0x00000000f7f00000,0x00000000f8415ce8,0x00000000f9e80000)
  to   space 31744K, 0% used [0x00000000f6000000,0x00000000f6000000,0x00000000f7f00000)
 ParOldGen       total 110592K, used 88992K [0x00000000a0000000, 0x00000000a6c00000, 0x00000000e0000000)
  object space 110592K, 80% used [0x00000000a0000000,0x00000000a56e8250,0x00000000a6c00000)
 Metaspace       used 93780K, capacity 98512K, committed 98560K, reserved 1134592K
  class space    used 11769K, capacity 12765K, committed 12800K, reserved 1048576K
Event: 14878.203 GC heap after
Heap after GC invocations=28 (full 4):
 PSYoungGen      total 392704K, used 0K [0x00000000e0000000, 0x00000000f9f00000, 0x0000000100000000)
  eden space 360448K, 0% used [0x00000000e0000000,0x00000000e0000000,0x00000000f6000000)
  from space 32256K, 0% used [0x00000000f7f00000,0x00000000f7f00000,0x00000000f9e80000)
  to   space 31744K, 0% used [0x00000000f6000000,0x00000000f6000000,0x00000000f7f00000)
 ParOldGen       total 159232K, used 52652K [0x00000000a0000000, 0x00000000a9b80000, 0x00000000e0000000)
  object space 159232K, 33% used [0x00000000a0000000,0x00000000a336b078,0x00000000a9b80000)
 Metaspace       used 91944K, capacity 94722K, committed 98560K, reserved 1134592K
  class space    used 11416K, capacity 12025K, committed 12800K, reserved 1048576K
}
Event: 14879.505 GC heap before
{Heap before GC invocations=29 (full 4):
 PSYoungGen      total 392704K, used 360448K [0x00000000e0000000, 0x00000000f9f00000, 0x0000000100000000)
  eden space 360448K, 100% used [0x00000000e0000000,0x00000000f6000000,0x00000000f6000000)
  from space 32256K, 0% used [0x00000000f7f00000,0x00000000f7f00000,0x00000000f9e80000)
  to   space 31744K, 0% used [0x00000000f6000000,0x00000000f6000000,0x00000000f7f00000)
 ParOldGen       total 159232K, used 52652K [0x00000000a0000000, 0x00000000a9b80000, 0x00000000e0000000)
  object space 159232K, 33% used [0x00000000a0000000,0x00000000a336b078,0x00000000a9b80000)
 Metaspace       used 99206K, capacity 102816K, committed 104576K, reserved 1140736K
  class space    used 12355K, capacity 13104K, committed 13440K, reserved 1048576K
Event: 14879.540 GC heap after
Heap after GC invocations=29 (full 4):
 PSYoungGen      total 392192K, used 31733K [0x00000000e0000000, 0x00000000fe800000, 0x0000000100000000)
  eden space 360448K, 0% used [0x00000000e0000000,0x00000000e0000000,0x00000000f6000000)
  from space 31744K, 99% used [0x00000000f6000000,0x00000000f7efd430,0x00000000f7f00000)
  to   space 37376K, 0% used [0x00000000fc380000,0x00000000fc380000,0x00000000fe800000)
 ParOldGen       total 159232K, used 52949K [0x00000000a0000000, 0x00000000a9b80000, 0x00000000e0000000)
  object space 159232K, 33% used [0x00000000a0000000,0x00000000a33b56b8,0x00000000a9b80000)
 Metaspace       used 99206K, capacity 102816K, committed 104576K, reserved 1140736K
  class space    used 12355K, capacity 13104K, committed 13440K, reserved 1048576K
}
Event: 14880.446 GC heap before
{Heap before GC invocations=30 (full 4):
 PSYoungGen      total 392192K, used 392181K [0x00000000e0000000, 0x00000000fe800000, 0x0000000100000000)
  eden space 360448K, 100% used [0x00000000e0000000,0x00000000f6000000,0x00000000f6000000)
  from space 31744K, 99% used [0x00000000f6000000,0x00000000f7efd430,0x00000000f7f00000)
  to   space 37376K, 0% used [0x00000000fc380000,0x00000000fc380000,0x00000000fe800000)
 ParOldGen       total 159232K, used 52949K [0x00000000a0000000, 0x00000000a9b80000, 0x00000000e0000000)
  object space 159232K, 33% used [0x00000000a0000000,0x00000000a33b56b8,0x00000000a9b80000)
 Metaspace       used 99729K, capacity 103320K, committed 104832K, reserved 1140736K
  class space    used 12359K, capacity 13104K, committed 13440K, reserved 1048576K
Event: 14880.540 GC heap after
Heap after GC invocations=30 (full 4):
 PSYoungGen      total 397824K, used 16198K [0x00000000e0000000, 0x00000000fe800000, 0x0000000100000000)
  eden space 360448K, 0% used [0x00000000e0000000,0x00000000e0000000,0x00000000f6000000)
  from space 37376K, 43% used [0x00000000fc380000,0x00000000fd351a80,0x00000000fe800000)
  to   space 31744K, 0% used [0x00000000f6000000,0x00000000f6000000,0x00000000f7f00000)
 ParOldGen       total 159232K, used 72677K [0x00000000a0000000, 0x00000000a9b80000, 0x00000000e0000000)
  object space 159232K, 45% used [0x00000000a0000000,0x00000000a46f9788,0x00000000a9b80000)
 Metaspace       used 99729K, capacity 103320K, committed 104832K, reserved 1140736K
  class space    used 12359K, capacity 13104K, committed 13440K, reserved 1048576K
}

